modules/waterfirst-soft-lock/android/build/intermediates/manifest_merge_blame_file/debug/processDebugManifest/manifest-merger-blame-debug-report.txt
1<?xml version="1.0" encoding="utf-8"?>
2<manifest xmlns:android="http://schemas.android.com/apk/res/android"
3    package="com.waterfirst.softlock" >
4
5    <uses-sdk android:minSdkVersion="24" />
6
7    <application>
7-->src\main\AndroidManifest.xml:2:3-22:17
8        <activity
8-->src\main\AndroidManifest.xml:3:5-8:67
9            android:name="com.waterfirst.softlock.WaterfirstBlockingActivity"
9-->src\main\AndroidManifest.xml:4:7-72
10            android:excludeFromRecents="true"
10-->src\main\AndroidManifest.xml:5:7-40
11            android:exported="false"
11-->src\main\AndroidManifest.xml:6:7-31
12            android:launchMode="singleTask"
12-->src\main\AndroidManifest.xml:7:7-38
13            android:theme="@android:style/Theme.Material.NoActionBar" />
13-->src\main\AndroidManifest.xml:8:7-64
14
15        <service
15-->src\main\AndroidManifest.xml:10:5-21:15
16            android:name="com.waterfirst.softlock.WaterfirstAccessibilityService"
16-->src\main\AndroidManifest.xml:11:7-76
17            android:exported="false"
17-->src\main\AndroidManifest.xml:12:7-31
18            android:permission="android.permission.BIND_ACCESSIBILITY_SERVICE" >
18-->src\main\AndroidManifest.xml:13:7-73
19            <intent-filter>
19-->src\main\AndroidManifest.xml:14:7-16:23
20                <action android:name="android.accessibilityservice.AccessibilityService" />
20-->src\main\AndroidManifest.xml:15:9-84
20-->src\main\AndroidManifest.xml:15:17-81
21            </intent-filter>
22
23            <meta-data
23-->src\main\AndroidManifest.xml:18:7-20:68
24                android:name="android.accessibilityservice"
24-->src\main\AndroidManifest.xml:19:9-52
25                android:resource="@xml/waterfirst_accessibility_service" />
25-->src\main\AndroidManifest.xml:20:9-65
26        </service>
27    </application>
28
29</manifest>